# JRE version: OpenJDK Runtime Environment Temurin-21.0.10+7 (21.0.10+7) (build 21.0.10+7-LTS)
# Java VM: OpenJDK 64-Bit Server VM Temurin-21.0.10+7 (21.0.10+7-LTS, mixed mode, sharing, tiered, compressed oops, compressed class ptrs, parallel gc, windows-amd64)
GC Precious Log:
 CardTable entry size: 512
 CPUs: 4 total, 4 available
 Memory: 8158M
 Large Page Support: Disabled
 NUMA Support: Disabled
 Compressed Oops: Enabled (32-bit)
 Alignments: Space 512K, Generation 512K, Heap 2M
 Heap Min Capacity: 100M
 Heap Initial Capacity: 100M
 Heap Max Capacity: 2G
 Pre-touch: Disabled
 Parallel Workers: 4
Heap:
 PSYoungGen      total 24064K, used 21734K [0x00000000d5580000, 0x00000000d7100000, 0x0000000100000000)
  eden space 21504K, 93% used [0x00000000d5580000,0x00000000d693cc40,0x00000000d6a80000)
  from space 2560K, 59% used [0x00000000d6c80000,0x00000000d6dfcbf8,0x00000000d6f00000)
  to   space 2048K, 0% used [0x00000000d6f00000,0x00000000d6f00000,0x00000000d7100000)
 ParOldGen       total 835072K, used 258676K [0x0000000080000000, 0x00000000b2f80000, 0x00000000d5580000)
  object space 835072K, 30% used [0x0000000080000000,0x000000008fc9d1e0,0x00000000b2f80000)
 Metaspace       used 106454K, committed 108352K, reserved 1179648K
  class space    used 12097K, committed 13120K, reserved 1048576K
GC Heap History (20 events):
Event: 10705.635 GC heap before
{Heap before GC invocations=1815 (full 5):
 PSYoungGen      total 18944K, used 18919K [0x00000000d5580000, 0x00000000d7980000, 0x0000000100000000)
  eden space 14336K, 100% used [0x00000000d5580000,0x00000000d6380000,0x00000000d6380000)
  from space 4608K, 99% used [0x00000000d6380000,0x00000000d67f9e60,0x00000000d6800000)
  to   space 9728K, 0% used [0x00000000d7000000,0x00000000d7000000,0x00000000d7980000)
 ParOldGen       total 835072K, used 213994K [0x0000000080000000, 0x00000000b2f80000, 0x00000000d5580000)
  object space 835072K, 25% used [0x0000000080000000,0x000000008d0fa828,0x00000000b2f80000)
 Metaspace       used 106024K, committed 108096K, reserved 1179648K
  class space    used 12086K, committed 13120K, reserved 1048576K
}
Event: 10705.681 GC heap after
{Heap after GC invocations=1815 (full 5):
 PSYoungGen      total 25088K, used 7635K [0x00000000d5580000, 0x00000000d7780000, 0x0000000100000000)
  eden space 17408K, 0% used [0x00000000d5580000,0x00000000d5580000,0x00000000d6680000)
  from space 7680K, 99% used [0x00000000d7000000,0x00000000d7774da8,0x00000000d7780000)
  to   space 8192K, 0% used [0x00000000d6780000,0x00000000d6780000,0x00000000d6f80000)
 ParOldGen       total 835072K, used 218534K [0x0000000080000000, 0x00000000b2f80000, 0x00000000d5580000)
  object space 835072K, 26% used [0x0000000080000000,0x000000008d569890,0x00000000b2f80000)
 Metaspace       used 106024K, committed 108096K, reserved 1179648K
  class space    used 12086K, committed 13120K, reserved 1048576K
}
Event: 10706.242 GC heap before
{Heap before GC invocations=1816 (full 5):
 PSYoungGen      total 25088K, used 22552K [0x00000000d5580000, 0x00000000d7780000, 0x0000000100000000)
  eden space 17408K, 85% used [0x00000000d5580000,0x00000000d6411350,0x00000000d6680000)
  from space 7680K, 99% used [0x00000000d7000000,0x00000000d7774da8,0x00000000d7780000)
  to   space 8192K, 0% used [0x00000000d6780000,0x00000000d6780000,0x00000000d6f80000)
 ParOldGen       total 835072K, used 218534K [0x0000000080000000, 0x00000000b2f80000, 0x00000000d5580000)
  object space 835072K, 26% used [0x0000000080000000,0x000000008d569890,0x00000000b2f80000)
 Metaspace       used 106103K, committed 108160K, reserved 1179648K
  class space    used 12086K, committed 13120K, reserved 1048576K
}
Event: 10706.268 GC heap after
{Heap after GC invocations=1816 (full 5):
 PSYoungGen      total 19968K, used 1104K [0x00000000d5580000, 0x00000000d7100000, 0x0000000100000000)
  eden space 18432K, 0% used [0x00000000d5580000,0x00000000d5580000,0x00000000d6780000)
  from space 1536K, 71% used [0x00000000d6780000,0x00000000d6894010,0x00000000d6900000)
  to   space 3584K, 0% used [0x00000000d6d80000,0x00000000d6d80000,0x00000000d7100000)
 ParOldGen       total 835072K, used 221301K [0x0000000080000000, 0x00000000b2f80000, 0x00000000d5580000)
  object space 835072K, 26% used [0x0000000080000000,0x000000008d81d6a8,0x00000000b2f80000)
 Metaspace       used 106103K, committed 108160K, reserved 1179648K
  class space    used 12086K, committed 13120K, reserved 1048576K
}
Event: 10800.921 GC heap before
{Heap before GC invocations=1817 (full 5):
 PSYoungGen      total 19968K, used 19536K [0x00000000d5580000, 0x00000000d7100000, 0x0000000100000000)
  eden space 18432K, 100% used [0x00000000d5580000,0x00000000d6780000,0x00000000d6780000)
  from space 1536K, 71% used [0x00000000d6780000,0x00000000d6894010,0x00000000d6900000)
  to   space 3584K, 0% used [0x00000000d6d80000,0x00000000d6d80000,0x00000000d7100000)
 ParOldGen       total 835072K, used 244341K [0x0000000080000000, 0x00000000b2f80000, 0x00000000d5580000)
  object space 835072K, 29% used [0x0000000080000000,0x000000008ee9d6c8,0x00000000b2f80000)
 Metaspace       used 106129K, committed 108160K, reserved 1179648K
  class space    used 12087K, committed 13120K, reserved 1048576K
}
Event: 10800.931 GC heap after
{Heap after GC invocations=1817 (full 5):
 PSYoungGen      total 23552K, used 884K [0x00000000d5580000, 0x00000000d6e80000, 0x0000000100000000)
  eden space 22528K, 0% used [0x00000000d5580000,0x00000000d5580000,0x00000000d6b80000)
  from space 1024K, 86% used [0x00000000d6d80000,0x00000000d6e5d200,0x00000000d6e80000)
  to   space 1536K, 0% used [0x00000000d6b80000,0x00000000d6b80000,0x00000000d6d00000)
 ParOldGen       total 835072K, used 245259K [0x0000000080000000, 0x00000000b2f80000, 0x00000000d5580000)
  object space 835072K, 29% used [0x0000000080000000,0x000000008ef82c18,0x00000000b2f80000)
 Metaspace       used 106129K, committed 108160K, reserved 1179648K
  class space    used 12087K, committed 13120K, reserved 1048576K
}
Event: 16045.992 GC heap before
{Heap before GC invocations=1818 (full 5):
 PSYoungGen      total 23552K, used 23412K [0x00000000d5580000, 0x00000000d6e80000, 0x0000000100000000)
  eden space 22528K, 100% used [0x00000000d5580000,0x00000000d6b80000,0x00000000d6b80000)
  from space 1024K, 86% used [0x00000000d6d80000,0x00000000d6e5d200,0x00000000d6e80000)
  to   space 1536K, 0% used [0x00000000d6b80000,0x00000000d6b80000,0x00000000d6d00000)
 ParOldGen       total 835072K, used 245259K [0x0000000080000000, 0x00000000b2f80000, 0x00000000d5580000)
  object space 835072K, 29% used [0x0000000080000000,0x000000008ef82c18,0x00000000b2f80000)
 Metaspace       used 106286K, committed 108224K, reserved 1179648K
  class space    used 12092K, committed 13120K, reserved 1048576K
}
Event: 16046.207 GC heap after
{Heap after GC invocations=1818 (full 5):
 PSYoungGen      total 23552K, used 512K [0x00000000d5580000, 0x00000000d6e00000, 0x0000000100000000)
  eden space 22016K, 0% used [0x00000000d5580000,0x00000000d5580000,0x00000000d6b00000)
  from space 1536K, 33% used [0x00000000d6b80000,0x00000000d6c00020,0x00000000d6d00000)
  to   space 1024K, 0% used [0x00000000d6d00000,0x00000000d6d00000,0x00000000d6e00000)
 ParOldGen       total 835072K, used 246035K [0x0000000080000000, 0x00000000b2f80000, 0x00000000d5580000)
  object space 835072K, 29% used [0x0000000080000000,0x000000008f044e50,0x00000000b2f80000)
 Metaspace       used 106286K, committed 108224K, reserved 1179648K
  class space    used 12092K, committed 13120K, reserved 1048576K
}
Event: 16047.265 GC heap before
{Heap before GC invocations=1819 (full 5):
 PSYoungGen      total 23552K, used 22528K [0x00000000d5580000, 0x00000000d6e00000, 0x0000000100000000)
  eden space 22016K, 100% used [0x00000000d5580000,0x00000000d6b00000,0x00000000d6b00000)
  from space 1536K, 33% used [0x00000000d6b80000,0x00000000d6c00020,0x00000000d6d00000)
  to   space 1024K, 0% used [0x00000000d6d00000,0x00000000d6d00000,0x00000000d6e00000)
 ParOldGen       total 835072K, used 246035K [0x0000000080000000, 0x00000000b2f80000, 0x00000000d5580000)
  object space 835072K, 29% used [0x0000000080000000,0x000000008f044e50,0x00000000b2f80000)
 Metaspace       used 106314K, committed 108224K, reserved 1179648K
  class space    used 12092K, committed 13120K, reserved 1048576K
}
Event: 16047.277 GC heap after
{Heap after GC invocations=1819 (full 5):
 PSYoungGen      total 22528K, used 1012K [0x00000000d5580000, 0x00000000d7000000, 0x0000000100000000)
  eden space 21504K, 0% used [0x00000000d5580000,0x00000000d5580000,0x00000000d6a80000)
  from space 1024K, 98% used [0x00000000d6d00000,0x00000000d6dfd220,0x00000000d6e00000)
  to   space 2560K, 0% used [0x00000000d6a80000,0x00000000d6a80000,0x00000000d6d00000)
 ParOldGen       total 835072K, used 246958K [0x0000000080000000, 0x00000000b2f80000, 0x00000000d5580000)
  object space 835072K, 29% used [0x0000000080000000,0x000000008f12ba68,0x00000000b2f80000)
 Metaspace       used 106314K, committed 108224K, reserved 1179648K
  class space    used 12092K, committed 13120K, reserved 1048576K
}
Event: 16054.193 GC heap before
{Heap before GC invocations=1820 (full 5):
 PSYoungGen      total 22528K, used 22516K [0x00000000d5580000, 0x00000000d7000000, 0x0000000100000000)
  eden space 21504K, 100% used [0x00000000d5580000,0x00000000d6a80000,0x00000000d6a80000)
  from space 1024K, 98% used [0x00000000d6d00000,0x00000000d6dfd220,0x00000000d6e00000)
  to   space 2560K, 0% used [0x00000000d6a80000,0x00000000d6a80000,0x00000000d6d00000)
 ParOldGen       total 835072K, used 246958K [0x0000000080000000, 0x00000000b2f80000, 0x00000000d5580000)
  object space 835072K, 29% used [0x0000000080000000,0x000000008f12ba68,0x00000000b2f80000)
 Metaspace       used 106350K, committed 108288K, reserved 1179648K
  class space    used 12094K, committed 13120K, reserved 1048576K
}
Event: 16054.232 GC heap after
{Heap after GC invocations=1820 (full 5):
 PSYoungGen      total 24064K, used 2542K [0x00000000d5580000, 0x00000000d7d80000, 0x0000000100000000)
  eden space 21504K, 0% used [0x00000000d5580000,0x00000000d5580000,0x00000000d6a80000)
  from space 2560K, 99% used [0x00000000d6a80000,0x00000000d6cfb998,0x00000000d6d00000)
  to   space 9728K, 0% used [0x00000000d7400000,0x00000000d7400000,0x00000000d7d80000)
 ParOldGen       total 835072K, used 252929K [0x0000000080000000, 0x00000000b2f80000, 0x00000000d5580000)
  object space 835072K, 30% used [0x0000000080000000,0x000000008f700660,0x00000000b2f80000)
 Metaspace       used 106350K, committed 108288K, reserved 1179648K
  class space    used 12094K, committed 13120K, reserved 1048576K
}
Event: 16054.488 GC heap before
{Heap before GC invocations=1821 (full 5):
 PSYoungGen      total 24064K, used 24044K [0x00000000d5580000, 0x00000000d7d80000, 0x0000000100000000)
  eden space 21504K, 99% used [0x00000000d5580000,0x00000000d6a7f718,0x00000000d6a80000)
  from space 2560K, 99% used [0x00000000d6a80000,0x00000000d6cfb998,0x00000000d6d00000)
  to   space 9728K, 0% used [0x00000000d7400000,0x00000000d7400000,0x00000000d7d80000)
 ParOldGen       total 835072K, used 252929K [0x0000000080000000, 0x00000000b2f80000, 0x00000000d5580000)
  object space 835072K, 30% used [0x0000000080000000,0x000000008f700660,0x00000000b2f80000)
 Metaspace       used 106382K, committed 108288K, reserved 1179648K
  class space    used 12096K, committed 13120K, reserved 1048576K
}
Event: 16054.497 GC heap after
{Heap after GC invocations=1821 (full 5):
 PSYoungGen      total 30208K, used 8676K [0x00000000d5580000, 0x00000000d7c80000, 0x0000000100000000)
  eden space 21504K, 0% used [0x00000000d5580000,0x00000000d5580000,0x00000000d6a80000)
  from space 8704K, 99% used [0x00000000d7400000,0x00000000d7c79368,0x00000000d7c80000)
  to   space 9216K, 0% used [0x00000000d6a80000,0x00000000d6a80000,0x00000000d7380000)
 ParOldGen       total 835072K, used 253085K [0x0000000080000000, 0x00000000b2f80000, 0x00000000d5580000)
  object space 835072K, 30% used [0x0000000080000000,0x000000008f727678,0x00000000b2f80000)
 Metaspace       used 106382K, committed 108288K, reserved 1179648K
  class space    used 12096K, committed 13120K, reserved 1048576K
}
Event: 16163.022 GC heap before
{Heap before GC invocations=1822 (full 5):
 PSYoungGen      total 30208K, used 29541K [0x00000000d5580000, 0x00000000d7c80000, 0x0000000100000000)
  eden space 21504K, 97% used [0x00000000d5580000,0x00000000d69e0228,0x00000000d6a80000)
  from space 8704K, 99% used [0x00000000d7400000,0x00000000d7c79368,0x00000000d7c80000)
  to   space 9216K, 0% used [0x00000000d6a80000,0x00000000d6a80000,0x00000000d7380000)
 ParOldGen       total 835072K, used 253085K [0x0000000080000000, 0x00000000b2f80000, 0x00000000d5580000)
  object space 835072K, 30% used [0x0000000080000000,0x000000008f727678,0x00000000b2f80000)
 Metaspace       used 106407K, committed 108288K, reserved 1179648K
  class space    used 12096K, committed 13120K, reserved 1048576K
}
Event: 16163.045 GC heap after
{Heap after GC invocations=1822 (full 5):
 PSYoungGen      total 25600K, used 4010K [0x00000000d5580000, 0x00000000d7680000, 0x0000000100000000)
  eden space 21504K, 0% used [0x00000000d5580000,0x00000000d5580000,0x00000000d6a80000)
  from space 4096K, 97% used [0x00000000d6a80000,0x00000000d6e6a978,0x00000000d6e80000)
  to   space 6144K, 0% used [0x00000000d7080000,0x00000000d7080000,0x00000000d7680000)
 ParOldGen       total 835072K, used 255970K [0x0000000080000000, 0x00000000b2f80000, 0x00000000d5580000)
  object space 835072K, 30% used [0x0000000080000000,0x000000008f9f8910,0x00000000b2f80000)
 Metaspace       used 106407K, committed 108288K, reserved 1179648K
  class space    used 12096K, committed 13120K, reserved 1048576K
}
Event: 16163.943 GC heap before
{Heap before GC invocations=1823 (full 5):
 PSYoungGen      total 25600K, used 25514K [0x00000000d5580000, 0x00000000d7680000, 0x0000000100000000)
  eden space 21504K, 100% used [0x00000000d5580000,0x00000000d6a80000,0x00000000d6a80000)
  from space 4096K, 97% used [0x00000000d6a80000,0x00000000d6e6a978,0x00000000d6e80000)
  to   space 6144K, 0% used [0x00000000d7080000,0x00000000d7080000,0x00000000d7680000)
 ParOldGen       total 835072K, used 255970K [0x0000000080000000, 0x00000000b2f80000, 0x00000000d5580000)
  object space 835072K, 30% used [0x0000000080000000,0x000000008f9f8910,0x00000000b2f80000)
 Metaspace       used 106440K, committed 108352K, reserved 1179648K
  class space    used 12097K, committed 13120K, reserved 1048576K
}
Event: 16163.958 GC heap after
{Heap after GC invocations=1823 (full 5):
 PSYoungGen      total 22528K, used 746K [0x00000000d5580000, 0x00000000d7180000, 0x0000000100000000)
  eden space 21504K, 0% used [0x00000000d5580000,0x00000000d5580000,0x00000000d6a80000)
  from space 1024K, 72% used [0x00000000d7080000,0x00000000d713a910,0x00000000d7180000)
  to   space 2560K, 0% used [0x00000000d6c80000,0x00000000d6c80000,0x00000000d6f00000)
 ParOldGen       total 835072K, used 258027K [0x0000000080000000, 0x00000000b2f80000, 0x00000000d5580000)
  object space 835072K, 30% used [0x0000000080000000,0x000000008fbfafb8,0x00000000b2f80000)
 Metaspace       used 106440K, committed 108352K, reserved 1179648K
  class space    used 12097K, committed 13120K, reserved 1048576K
}
Event: 16164.281 GC heap before
{Heap before GC invocations=1824 (full 5):
 PSYoungGen      total 22528K, used 22191K [0x00000000d5580000, 0x00000000d7180000, 0x0000000100000000)
  eden space 21504K, 99% used [0x00000000d5580000,0x00000000d6a714f8,0x00000000d6a80000)
  from space 1024K, 72% used [0x00000000d7080000,0x00000000d713a910,0x00000000d7180000)
  to   space 2560K, 0% used [0x00000000d6c80000,0x00000000d6c80000,0x00000000d6f00000)
 ParOldGen       total 835072K, used 258027K [0x0000000080000000, 0x00000000b2f80000, 0x00000000d5580000)
  object space 835072K, 30% used [0x0000000080000000,0x000000008fbfafb8,0x00000000b2f80000)
 Metaspace       used 106452K, committed 108352K, reserved 1179648K
  class space    used 12097K, committed 13120K, reserved 1048576K
}
Event: 16164.287 GC heap after
{Heap after GC invocations=1824 (full 5):
 PSYoungGen      total 24064K, used 1522K [0x00000000d5580000, 0x00000000d7100000, 0x0000000100000000)
  eden space 21504K, 0% used [0x00000000d5580000,0x00000000d5580000,0x00000000d6a80000)
  from space 2560K, 59% used [0x00000000d6c80000,0x00000000d6dfcbf8,0x00000000d6f00000)
  to   space 2048K, 0% used [0x00000000d6f00000,0x00000000d6f00000,0x00000000d7100000)
 ParOldGen       total 835072K, used 258676K [0x0000000080000000, 0x00000000b2f80000, 0x00000000d5580000)
  object space 835072K, 30% used [0x0000000080000000,0x000000008fc9d1e0,0x00000000b2f80000)
 Metaspace       used 106452K, committed 108352K, reserved 1179648K
  class space    used 12097K, committed 13120K, reserved 1048576K
}

