# JRE version: OpenJDK Runtime Environment Temurin-21.0.10+7 (21.0.10+7) (build 21.0.10+7-LTS)
# Java VM: OpenJDK 64-Bit Server VM Temurin-21.0.10+7 (21.0.10+7-LTS, mixed mode, sharing, tiered, compressed oops, compressed class ptrs, parallel gc, windows-amd64)
GC Precious Log:
 CardTable entry size: 512
 CPUs: 4 total, 4 available
 Memory: 8158M
 Large Page Support: Disabled
 NUMA Support: Disabled
 Compressed Oops: Enabled (32-bit)
 Alignments: Space 512K, Generation 512K, Heap 2M
 Heap Min Capacity: 100M
 Heap Initial Capacity: 100M
 Heap Max Capacity: 2G
 Pre-touch: Disabled
 Parallel Workers: 4
Heap:
 PSYoungGen      total 1536K, used 938K [0x00000000d5580000, 0x00000000d5800000, 0x0000000100000000)
  eden space 1024K, 72% used [0x00000000d5580000,0x00000000d563a838,0x00000000d5680000)
  from space 512K, 37% used [0x00000000d5680000,0x00000000d56b0000,0x00000000d5700000)
  to   space 512K, 0% used [0x00000000d5780000,0x00000000d5780000,0x00000000d5800000)
 ParOldGen       total 335872K, used 335512K [0x0000000080000000, 0x0000000094800000, 0x00000000d5580000)
  object space 335872K, 99% used [0x0000000080000000,0x00000000947a60e0,0x0000000094800000)
 Metaspace       used 77991K, committed 79680K, reserved 1179648K
  class space    used 9269K, committed 9984K, reserved 1048576K
GC Heap History (20 events):
Event: 140.346 GC heap before
{Heap before GC invocations=483 (full 4):
 PSYoungGen      total 1024K, used 998K [0x00000000d5580000, 0x00000000d5880000, 0x0000000100000000)
  eden space 512K, 98% used [0x00000000d5580000,0x00000000d55fd8b0,0x00000000d5600000)
  from space 512K, 96% used [0x00000000d5800000,0x00000000d587c000,0x00000000d5880000)
  to   space 1024K, 0% used [0x00000000d5680000,0x00000000d5680000,0x00000000d5780000)
 ParOldGen       total 331776K, used 331347K [0x0000000080000000, 0x0000000094400000, 0x00000000d5580000)
  object space 331776K, 99% used [0x0000000080000000,0x0000000094394dc8,0x0000000094400000)
 Metaspace       used 77517K, committed 79168K, reserved 1179648K
  class space    used 9200K, committed 9920K, reserved 1048576K
}
Event: 140.349 GC heap after
{Heap after GC invocations=483 (full 4):
 PSYoungGen      total 2048K, used 208K [0x00000000d5580000, 0x00000000d5880000, 0x0000000100000000)
  eden space 1024K, 0% used [0x00000000d5580000,0x00000000d5580000,0x00000000d5680000)
  from space 1024K, 20% used [0x00000000d5680000,0x00000000d56b4050,0x00000000d5780000)
  to   space 512K, 0% used [0x00000000d5800000,0x00000000d5800000,0x00000000d5880000)
 ParOldGen       total 332288K, used 331787K [0x0000000080000000, 0x0000000094480000, 0x00000000d5580000)
  object space 332288K, 99% used [0x0000000080000000,0x0000000094402dc8,0x0000000094480000)
 Metaspace       used 77517K, committed 79168K, reserved 1179648K
  class space    used 9200K, committed 9920K, reserved 1048576K
}
Event: 140.539 GC heap before
{Heap before GC invocations=484 (full 4):
 PSYoungGen      total 2048K, used 1224K [0x00000000d5580000, 0x00000000d5880000, 0x0000000100000000)
  eden space 1024K, 99% used [0x00000000d5580000,0x00000000d567e310,0x00000000d5680000)
  from space 1024K, 20% used [0x00000000d5680000,0x00000000d56b4050,0x00000000d5780000)
  to   space 512K, 0% used [0x00000000d5800000,0x00000000d5800000,0x00000000d5880000)
 ParOldGen       total 333312K, used 332390K [0x0000000080000000, 0x0000000094580000, 0x00000000d5580000)
  object space 333312K, 99% used [0x0000000080000000,0x0000000094499a90,0x0000000094580000)
 Metaspace       used 77517K, committed 79168K, reserved 1179648K
  class space    used 9200K, committed 9920K, reserved 1048576K
}
Event: 140.540 GC heap after
{Heap after GC invocations=484 (full 4):
 PSYoungGen      total 1536K, used 192K [0x00000000d5580000, 0x00000000d5880000, 0x0000000100000000)
  eden space 1024K, 0% used [0x00000000d5580000,0x00000000d5580000,0x00000000d5680000)
  from space 512K, 37% used [0x00000000d5800000,0x00000000d5830000,0x00000000d5880000)
  to   space 512K, 0% used [0x00000000d5780000,0x00000000d5780000,0x00000000d5800000)
 ParOldGen       total 333312K, used 332478K [0x0000000080000000, 0x0000000094580000, 0x00000000d5580000)
  object space 333312K, 99% used [0x0000000080000000,0x00000000944afa90,0x0000000094580000)
 Metaspace       used 77517K, committed 79168K, reserved 1179648K
  class space    used 9200K, committed 9920K, reserved 1048576K
}
Event: 140.699 GC heap before
{Heap before GC invocations=485 (full 4):
 PSYoungGen      total 1536K, used 1216K [0x00000000d5580000, 0x00000000d5880000, 0x0000000100000000)
  eden space 1024K, 100% used [0x00000000d5580000,0x00000000d5680000,0x00000000d5680000)
  from space 512K, 37% used [0x00000000d5800000,0x00000000d5830000,0x00000000d5880000)
  to   space 512K, 0% used [0x00000000d5780000,0x00000000d5780000,0x00000000d5800000)
 ParOldGen       total 333312K, used 332478K [0x0000000080000000, 0x0000000094580000, 0x00000000d5580000)
  object space 333312K, 99% used [0x0000000080000000,0x00000000944afa90,0x0000000094580000)
 Metaspace       used 77519K, committed 79168K, reserved 1179648K
  class space    used 9201K, committed 9920K, reserved 1048576K
}
Event: 140.705 GC heap after
{Heap after GC invocations=485 (full 4):
 PSYoungGen      total 1536K, used 499K [0x00000000d5580000, 0x00000000d5880000, 0x0000000100000000)
  eden space 1024K, 0% used [0x00000000d5580000,0x00000000d5580000,0x00000000d5680000)
  from space 512K, 97% used [0x00000000d5780000,0x00000000d57fcfd0,0x00000000d5800000)
  to   space 512K, 0% used [0x00000000d5800000,0x00000000d5800000,0x00000000d5880000)
 ParOldGen       total 333312K, used 332778K [0x0000000080000000, 0x0000000094580000, 0x00000000d5580000)
  object space 333312K, 99% used [0x0000000080000000,0x00000000944faa00,0x0000000094580000)
 Metaspace       used 77519K, committed 79168K, reserved 1179648K
  class space    used 9201K, committed 9920K, reserved 1048576K
}
Event: 140.780 GC heap before
{Heap before GC invocations=486 (full 4):
 PSYoungGen      total 1536K, used 1523K [0x00000000d5580000, 0x00000000d5880000, 0x0000000100000000)
  eden space 1024K, 100% used [0x00000000d5580000,0x00000000d5680000,0x00000000d5680000)
  from space 512K, 97% used [0x00000000d5780000,0x00000000d57fcfd0,0x00000000d5800000)
  to   space 512K, 0% used [0x00000000d5800000,0x00000000d5800000,0x00000000d5880000)
 ParOldGen       total 333312K, used 332778K [0x0000000080000000, 0x0000000094580000, 0x00000000d5580000)
  object space 333312K, 99% used [0x0000000080000000,0x00000000944faa00,0x0000000094580000)
 Metaspace       used 77543K, committed 79168K, reserved 1179648K
  class space    used 9205K, committed 9920K, reserved 1048576K
}
Event: 140.784 GC heap after
{Heap after GC invocations=486 (full 4):
 PSYoungGen      total 1536K, used 487K [0x00000000d5580000, 0x00000000d5980000, 0x0000000100000000)
  eden space 1024K, 0% used [0x00000000d5580000,0x00000000d5580000,0x00000000d5680000)
  from space 512K, 95% used [0x00000000d5800000,0x00000000d5879fa0,0x00000000d5880000)
  to   space 1536K, 0% used [0x00000000d5680000,0x00000000d5680000,0x00000000d5800000)
 ParOldGen       total 333824K, used 333490K [0x0000000080000000, 0x0000000094600000, 0x00000000d5580000)
  object space 333824K, 99% used [0x0000000080000000,0x00000000945ac968,0x0000000094600000)
 Metaspace       used 77543K, committed 79168K, reserved 1179648K
  class space    used 9205K, committed 9920K, reserved 1048576K
}
Event: 140.834 GC heap before
{Heap before GC invocations=487 (full 4):
 PSYoungGen      total 1536K, used 1507K [0x00000000d5580000, 0x00000000d5980000, 0x0000000100000000)
  eden space 1024K, 99% used [0x00000000d5580000,0x00000000d567ed60,0x00000000d5680000)
  from space 512K, 95% used [0x00000000d5800000,0x00000000d5879fa0,0x00000000d5880000)
  to   space 1536K, 0% used [0x00000000d5680000,0x00000000d5680000,0x00000000d5800000)
 ParOldGen       total 333824K, used 333490K [0x0000000080000000, 0x0000000094600000, 0x00000000d5580000)
  object space 333824K, 99% used [0x0000000080000000,0x00000000945ac968,0x0000000094600000)
 Metaspace       used 77578K, committed 79168K, reserved 1179648K
  class space    used 9212K, committed 9920K, reserved 1048576K
}
Event: 140.837 GC heap after
{Heap after GC invocations=487 (full 4):
 PSYoungGen      total 1536K, used 384K [0x00000000d5580000, 0x00000000d5880000, 0x0000000100000000)
  eden space 1024K, 0% used [0x00000000d5580000,0x00000000d5580000,0x00000000d5680000)
  from space 512K, 75% used [0x00000000d5680000,0x00000000d56e0000,0x00000000d5700000)
  to   space 1024K, 0% used [0x00000000d5780000,0x00000000d5780000,0x00000000d5880000)
 ParOldGen       total 334336K, used 333979K [0x0000000080000000, 0x0000000094680000, 0x00000000d5580000)
  object space 334336K, 99% used [0x0000000080000000,0x0000000094626e28,0x0000000094680000)
 Metaspace       used 77578K, committed 79168K, reserved 1179648K
  class space    used 9212K, committed 9920K, reserved 1048576K
}
Event: 140.888 GC heap before
{Heap before GC invocations=488 (full 4):
 PSYoungGen      total 1536K, used 1408K [0x00000000d5580000, 0x00000000d5880000, 0x0000000100000000)
  eden space 1024K, 100% used [0x00000000d5580000,0x00000000d5680000,0x00000000d5680000)
  from space 512K, 75% used [0x00000000d5680000,0x00000000d56e0000,0x00000000d5700000)
  to   space 1024K, 0% used [0x00000000d5780000,0x00000000d5780000,0x00000000d5880000)
 ParOldGen       total 334336K, used 333979K [0x0000000080000000, 0x0000000094680000, 0x00000000d5580000)
  object space 334336K, 99% used [0x0000000080000000,0x0000000094626e28,0x0000000094680000)
 Metaspace       used 77719K, committed 79360K, reserved 1179648K
  class space    used 9222K, committed 9920K, reserved 1048576K
}
Event: 140.891 GC heap after
{Heap after GC invocations=488 (full 4):
 PSYoungGen      total 1536K, used 192K [0x00000000d5580000, 0x00000000d5800000, 0x0000000100000000)
  eden space 1024K, 0% used [0x00000000d5580000,0x00000000d5580000,0x00000000d5680000)
  from space 512K, 37% used [0x00000000d5780000,0x00000000d57b0000,0x00000000d5800000)
  to   space 512K, 0% used [0x00000000d5680000,0x00000000d5680000,0x00000000d5700000)
 ParOldGen       total 334336K, used 334291K [0x0000000080000000, 0x0000000094680000, 0x00000000d5580000)
  object space 334336K, 99% used [0x0000000080000000,0x0000000094674e28,0x0000000094680000)
 Metaspace       used 77719K, committed 79360K, reserved 1179648K
  class space    used 9222K, committed 9920K, reserved 1048576K
}
Event: 140.919 GC heap before
{Heap before GC invocations=489 (full 4):
 PSYoungGen      total 1536K, used 1215K [0x00000000d5580000, 0x00000000d5800000, 0x0000000100000000)
  eden space 1024K, 99% used [0x00000000d5580000,0x00000000d567fff8,0x00000000d5680000)
  from space 512K, 37% used [0x00000000d5780000,0x00000000d57b0000,0x00000000d5800000)
  to   space 512K, 0% used [0x00000000d5680000,0x00000000d5680000,0x00000000d5700000)
 ParOldGen       total 334336K, used 334291K [0x0000000080000000, 0x0000000094680000, 0x00000000d5580000)
  object space 334336K, 99% used [0x0000000080000000,0x0000000094674e28,0x0000000094680000)
 Metaspace       used 77777K, committed 79360K, reserved 1179648K
  class space    used 9234K, committed 9920K, reserved 1048576K
}
Event: 140.922 GC heap after
{Heap after GC invocations=489 (full 4):
 PSYoungGen      total 1536K, used 320K [0x00000000d5580000, 0x00000000d5800000, 0x0000000100000000)
  eden space 1024K, 0% used [0x00000000d5580000,0x00000000d5580000,0x00000000d5680000)
  from space 512K, 62% used [0x00000000d5680000,0x00000000d56d0000,0x00000000d5700000)
  to   space 512K, 0% used [0x00000000d5780000,0x00000000d5780000,0x00000000d5800000)
 ParOldGen       total 334848K, used 334402K [0x0000000080000000, 0x0000000094700000, 0x00000000d5580000)
  object space 334848K, 99% used [0x0000000080000000,0x00000000946908d0,0x0000000094700000)
 Metaspace       used 77777K, committed 79360K, reserved 1179648K
  class space    used 9234K, committed 9920K, reserved 1048576K
}
Event: 140.964 GC heap before
{Heap before GC invocations=490 (full 4):
 PSYoungGen      total 1536K, used 1343K [0x00000000d5580000, 0x00000000d5800000, 0x0000000100000000)
  eden space 1024K, 99% used [0x00000000d5580000,0x00000000d567fff0,0x00000000d5680000)
  from space 512K, 62% used [0x00000000d5680000,0x00000000d56d0000,0x00000000d5700000)
  to   space 512K, 0% used [0x00000000d5780000,0x00000000d5780000,0x00000000d5800000)
 ParOldGen       total 334848K, used 334402K [0x0000000080000000, 0x0000000094700000, 0x00000000d5580000)
  object space 334848K, 99% used [0x0000000080000000,0x00000000946908d0,0x0000000094700000)
 Metaspace       used 77805K, committed 79552K, reserved 1179648K
  class space    used 9239K, committed 9984K, reserved 1048576K
}
Event: 140.968 GC heap after
{Heap after GC invocations=490 (full 4):
 PSYoungGen      total 1536K, used 456K [0x00000000d5580000, 0x00000000d5800000, 0x0000000100000000)
  eden space 1024K, 0% used [0x00000000d5580000,0x00000000d5580000,0x00000000d5680000)
  from space 512K, 89% used [0x00000000d5780000,0x00000000d57f2000,0x00000000d5800000)
  to   space 512K, 0% used [0x00000000d5680000,0x00000000d5680000,0x00000000d5700000)
 ParOldGen       total 334848K, used 334655K [0x0000000080000000, 0x0000000094700000, 0x00000000d5580000)
  object space 334848K, 99% used [0x0000000080000000,0x00000000946cfe20,0x0000000094700000)
 Metaspace       used 77805K, committed 79552K, reserved 1179648K
  class space    used 9239K, committed 9984K, reserved 1048576K
}
Event: 141.018 GC heap before
{Heap before GC invocations=491 (full 4):
 PSYoungGen      total 1536K, used 1480K [0x00000000d5580000, 0x00000000d5800000, 0x0000000100000000)
  eden space 1024K, 100% used [0x00000000d5580000,0x00000000d5680000,0x00000000d5680000)
  from space 512K, 89% used [0x00000000d5780000,0x00000000d57f2000,0x00000000d5800000)
  to   space 512K, 0% used [0x00000000d5680000,0x00000000d5680000,0x00000000d5700000)
 ParOldGen       total 334848K, used 334655K [0x0000000080000000, 0x0000000094700000, 0x00000000d5580000)
  object space 334848K, 99% used [0x0000000080000000,0x00000000946cfe20,0x0000000094700000)
 Metaspace       used 77886K, committed 79616K, reserved 1179648K
  class space    used 9254K, committed 9984K, reserved 1048576K
}
Event: 141.021 GC heap after
{Heap after GC invocations=491 (full 4):
 PSYoungGen      total 1536K, used 256K [0x00000000d5580000, 0x00000000d5800000, 0x0000000100000000)
  eden space 1024K, 0% used [0x00000000d5580000,0x00000000d5580000,0x00000000d5680000)
  from space 512K, 50% used [0x00000000d5680000,0x00000000d56c0000,0x00000000d5700000)
  to   space 512K, 0% used [0x00000000d5780000,0x00000000d5780000,0x00000000d5800000)
 ParOldGen       total 335360K, used 335052K [0x0000000080000000, 0x0000000094780000, 0x00000000d5580000)
  object space 335360K, 99% used [0x0000000080000000,0x0000000094733370,0x0000000094780000)
 Metaspace       used 77886K, committed 79616K, reserved 1179648K
  class space    used 9254K, committed 9984K, reserved 1048576K
}
Event: 141.069 GC heap before
{Heap before GC invocations=492 (full 4):
 PSYoungGen      total 1536K, used 1279K [0x00000000d5580000, 0x00000000d5800000, 0x0000000100000000)
  eden space 1024K, 99% used [0x00000000d5580000,0x00000000d567fff8,0x00000000d5680000)
  from space 512K, 50% used [0x00000000d5680000,0x00000000d56c0000,0x00000000d5700000)
  to   space 512K, 0% used [0x00000000d5780000,0x00000000d5780000,0x00000000d5800000)
 ParOldGen       total 335360K, used 335052K [0x0000000080000000, 0x0000000094780000, 0x00000000d5580000)
  object space 335360K, 99% used [0x0000000080000000,0x0000000094733370,0x0000000094780000)
 Metaspace       used 77914K, committed 79616K, reserved 1179648K
  class space    used 9257K, committed 9984K, reserved 1048576K
}
Event: 141.075 GC heap after
{Heap after GC invocations=492 (full 4):
 PSYoungGen      total 1536K, used 416K [0x00000000d5580000, 0x00000000d5800000, 0x0000000100000000)
  eden space 1024K, 0% used [0x00000000d5580000,0x00000000d5580000,0x00000000d5680000)
  from space 512K, 81% used [0x00000000d5780000,0x00000000d57e8000,0x00000000d5800000)
  to   space 512K, 0% used [0x00000000d5680000,0x00000000d5680000,0x00000000d5700000)
 ParOldGen       total 335360K, used 335259K [0x0000000080000000, 0x0000000094780000, 0x00000000d5580000)
  object space 335360K, 99% used [0x0000000080000000,0x0000000094766e18,0x0000000094780000)
 Metaspace       used 77914K, committed 79616K, reserved 1179648K
  class space    used 9257K, committed 9984K, reserved 1048576K
}

